# JRE version: Java(TM) SE Runtime Environment (8.0_202-b08) (build 1.8.0_202-b08)
# Java VM: Java HotSpot(TM) 64-Bit Server VM (25.202-b08 mixed mode windows-amd64 compressed oops)
Heap:
 PSYoungGen      total 180224K, used 94918K [0x00000000edf80000, 0x00000000fce00000, 0x0000000100000000)
  eden space 169984K, 54% used [0x00000000edf80000,0x00000000f3946650,0x00000000f8580000)
  from space 10240K, 29% used [0x00000000f8580000,0x00000000f886b260,0x00000000f8f80000)
  to   space 7168K, 0% used [0x00000000f8f80000,0x00000000f8f80000,0x00000000f9680000)
 ParOldGen       total 47616K, used 23682K [0x00000000c9e00000, 0x00000000ccc80000, 0x00000000edf80000)
  object space 47616K, 49% used [0x00000000c9e00000,0x00000000cb520980,0x00000000ccc80000)
 Metaspace       used 43488K, capacity 47178K, committed 47488K, reserved 1089536K
  class space    used 5703K, capacity 6675K, committed 6784K, reserved 1048576K
GC Heap History (10 events):
Event: 18.941 GC heap before
{Heap before GC invocations=13 (full 2):
 PSYoungGen      total 133632K, used 768K [0x00000000edf80000, 0x00000000f9800000, 0x0000000100000000)
  eden space 125440K, 0% used [0x00000000edf80000,0x00000000edf80000,0x00000000f5a00000)
  from space 8192K, 9% used [0x00000000f5a00000,0x00000000f5ac0000,0x00000000f6200000)
  to   space 8704K, 0% used [0x00000000f8f80000,0x00000000f8f80000,0x00000000f9800000)
 ParOldGen       total 33280K, used 15648K [0x00000000c9e00000, 0x00000000cbe80000, 0x00000000edf80000)
  object space 33280K, 47% used [0x00000000c9e00000,0x00000000cad48178,0x00000000cbe80000)
 Metaspace       used 34061K, capacity 35394K, committed 35496K, reserved 1081344K
  class space    used 4313K, capacity 4578K, committed 4608K, reserved 1048576K
Event: 19.083 GC heap after
Heap after GC invocations=13 (full 2):
 PSYoungGen      total 133632K, used 0K [0x00000000edf80000, 0x00000000f9800000, 0x0000000100000000)
  eden space 125440K, 0% used [0x00000000edf80000,0x00000000edf80000,0x00000000f5a00000)
  from space 8192K, 0% used [0x00000000f5a00000,0x00000000f5a00000,0x00000000f6200000)
  to   space 8704K, 0% used [0x00000000f8f80000,0x00000000f8f80000,0x00000000f9800000)
 ParOldGen       total 47616K, used 12663K [0x00000000c9e00000, 0x00000000ccc80000, 0x00000000edf80000)
  object space 47616K, 26% used [0x00000000c9e00000,0x00000000caa5dd40,0x00000000ccc80000)
 Metaspace       used 34032K, capacity 35324K, committed 35496K, reserved 1081344K
  class space    used 4303K, capacity 4561K, committed 4608K, reserved 1048576K
}
Event: 22.187 GC heap before
{Heap before GC invocations=14 (full 2):
 PSYoungGen      total 133632K, used 125440K [0x00000000edf80000, 0x00000000f9800000, 0x0000000100000000)
  eden space 125440K, 100% used [0x00000000edf80000,0x00000000f5a00000,0x00000000f5a00000)
  from space 8192K, 0% used [0x00000000f5a00000,0x00000000f5a00000,0x00000000f6200000)
  to   space 8704K, 0% used [0x00000000f8f80000,0x00000000f8f80000,0x00000000f9800000)
 ParOldGen       total 47616K, used 12663K [0x00000000c9e00000, 0x00000000ccc80000, 0x00000000edf80000)
  object space 47616K, 26% used [0x00000000c9e00000,0x00000000caa5dd40,0x00000000ccc80000)
 Metaspace       used 37271K, capacity 39544K, committed 39808K, reserved 1083392K
  class space    used 4847K, capacity 5410K, committed 5504K, reserved 1048576K
Event: 22.209 GC heap after
Heap after GC invocations=14 (full 2):
 PSYoungGen      total 171520K, used 6903K [0x00000000edf80000, 0x00000000f9680000, 0x0000000100000000)
  eden space 164352K, 0% used [0x00000000edf80000,0x00000000edf80000,0x00000000f8000000)
  from space 7168K, 96% used [0x00000000f8f80000,0x00000000f963dfc8,0x00000000f9680000)
  to   space 9216K, 0% used [0x00000000f8480000,0x00000000f8480000,0x00000000f8d80000)
 ParOldGen       total 47616K, used 12671K [0x00000000c9e00000, 0x00000000ccc80000, 0x00000000edf80000)
  object space 47616K, 26% used [0x00000000c9e00000,0x00000000caa5fd40,0x00000000ccc80000)
 Metaspace       used 37271K, capacity 39544K, committed 39808K, reserved 1083392K
  class space    used 4847K, capacity 5410K, committed 5504K, reserved 1048576K
}
Event: 28.991 GC heap before
{Heap before GC invocations=15 (full 2):
 PSYoungGen      total 171520K, used 171255K [0x00000000edf80000, 0x00000000f9680000, 0x0000000100000000)
  eden space 164352K, 100% used [0x00000000edf80000,0x00000000f8000000,0x00000000f8000000)
  from space 7168K, 96% used [0x00000000f8f80000,0x00000000f963dfc8,0x00000000f9680000)
  to   space 9216K, 0% used [0x00000000f8480000,0x00000000f8480000,0x00000000f8d80000)
 ParOldGen       total 47616K, used 12671K [0x00000000c9e00000, 0x00000000ccc80000, 0x00000000edf80000)
  object space 47616K, 26% used [0x00000000c9e00000,0x00000000caa5fd40,0x00000000ccc80000)
 Metaspace       used 41711K, capacity 44890K, committed 45184K, reserved 1087488K
  class space    used 5547K, capacity 6405K, committed 6528K, reserved 1048576K
Event: 29.065 GC heap after
Heap after GC invocations=15 (full 2):
 PSYoungGen      total 173568K, used 8741K [0x00000000edf80000, 0x00000000f9680000, 0x0000000100000000)
  eden space 164352K, 0% used [0x00000000edf80000,0x00000000edf80000,0x00000000f8000000)
  from space 9216K, 94% used [0x00000000f8480000,0x00000000f8d09620,0x00000000f8d80000)
  to   space 7168K, 0% used [0x00000000f8f80000,0x00000000f8f80000,0x00000000f9680000)
 ParOldGen       total 47616K, used 17793K [0x00000000c9e00000, 0x00000000ccc80000, 0x00000000edf80000)
  object space 47616K, 37% used [0x00000000c9e00000,0x00000000caf60610,0x00000000ccc80000)
 Metaspace       used 41711K, capacity 44890K, committed 45184K, reserved 1087488K
  class space    used 5547K, capacity 6405K, committed 6528K, reserved 1048576K
}
Event: 32.677 GC heap before
{Heap before GC invocations=16 (full 2):
 PSYoungGen      total 173568K, used 173093K [0x00000000edf80000, 0x00000000f9680000, 0x0000000100000000)
  eden space 164352K, 100% used [0x00000000edf80000,0x00000000f8000000,0x00000000f8000000)
  from space 9216K, 94% used [0x00000000f8480000,0x00000000f8d09620,0x00000000f8d80000)
  to   space 7168K, 0% used [0x00000000f8f80000,0x00000000f8f80000,0x00000000f9680000)
 ParOldGen       total 47616K, used 17793K [0x00000000c9e00000, 0x00000000ccc80000, 0x00000000edf80000)
  object space 47616K, 37% used [0x00000000c9e00000,0x00000000caf60610,0x00000000ccc80000)
 Metaspace       used 42502K, capacity 46074K, committed 46336K, reserved 1089536K
  class space    used 5628K, capacity 6540K, committed 6656K, reserved 1048576K
Event: 32.794 GC heap after
Heap after GC invocations=16 (full 2):
 PSYoungGen      total 177152K, used 2532K [0x00000000edf80000, 0x00000000fce00000, 0x0000000100000000)
  eden space 169984K, 0% used [0x00000000edf80000,0x00000000edf80000,0x00000000f8580000)
  from space 7168K, 35% used [0x00000000f8f80000,0x00000000f91f91a0,0x00000000f9680000)
  to   space 10240K, 0% used [0x00000000f8580000,0x00000000f8580000,0x00000000f8f80000)
 ParOldGen       total 47616K, used 22842K [0x00000000c9e00000, 0x00000000ccc80000, 0x00000000edf80000)
  object space 47616K, 47% used [0x00000000c9e00000,0x00000000cb44ebc0,0x00000000ccc80000)
 Metaspace       used 42502K, capacity 46074K, committed 46336K, reserved 1089536K
  class space    used 5628K, capacity 6540K, committed 6656K, reserved 1048576K
}
Event: 37.647 GC heap before
{Heap before GC invocations=17 (full 2):
 PSYoungGen      total 177152K, used 172516K [0x00000000edf80000, 0x00000000fce00000, 0x0000000100000000)
  eden space 169984K, 100% used [0x00000000edf80000,0x00000000f8580000,0x00000000f8580000)
  from space 7168K, 35% used [0x00000000f8f80000,0x00000000f91f91a0,0x00000000f9680000)
  to   space 10240K, 0% used [0x00000000f8580000,0x00000000f8580000,0x00000000f8f80000)
 ParOldGen       total 47616K, used 22842K [0x00000000c9e00000, 0x00000000ccc80000, 0x00000000edf80000)
  object space 47616K, 47% used [0x00000000c9e00000,0x00000000cb44ebc0,0x00000000ccc80000)
 Metaspace       used 43236K, capacity 46938K, committed 47232K, reserved 1089536K
  class space    used 5679K, capacity 6658K, committed 6784K, reserved 1048576K
Event: 37.660 GC heap after
Heap after GC invocations=17 (full 2):
 PSYoungGen      total 180224K, used 2988K [0x00000000edf80000, 0x00000000fce00000, 0x0000000100000000)
  eden space 169984K, 0% used [0x00000000edf80000,0x00000000edf80000,0x00000000f8580000)
  from space 10240K, 29% used [0x00000000f8580000,0x00000000f886b260,0x00000000f8f80000)
  to   space 7168K, 0% used [0x00000000f8f80000,0x00000000f8f80000,0x00000000f9680000)
 ParOldGen       total 47616K, used 23682K [0x00000000c9e00000, 0x00000000ccc80000, 0x00000000edf80000)
  object space 47616K, 49% used [0x00000000c9e00000,0x00000000cb520980,0x00000000ccc80000)
 Metaspace       used 43236K, capacity 46938K, committed 47232K, reserved 1089536K
  class space    used 5679K, capacity 6658K, committed 6784K, reserved 1048576K
}

