# JRE version: Java(TM) SE Runtime Environment (8.0_202-b08) (build 1.8.0_202-b08)
# Java VM: Java HotSpot(TM) 64-Bit Server VM (25.202-b08 mixed mode windows-amd64 compressed oops)
Heap:
 PSYoungGen      total 122880K, used 85406K [0x00000000edf80000, 0x00000000f6d80000, 0x0000000100000000)
  eden space 117248K, 68% used [0x00000000edf80000,0x00000000f2da4060,0x00000000f5200000)
  from space 5632K, 95% used [0x00000000f5b80000,0x00000000f60c39e8,0x00000000f6100000)
  to   space 9728K, 0% used [0x00000000f5200000,0x00000000f5200000,0x00000000f5b80000)
 ParOldGen       total 49152K, used 12295K [0x00000000c9e00000, 0x00000000cce00000, 0x00000000edf80000)
  object space 49152K, 25% used [0x00000000c9e00000,0x00000000caa01de0,0x00000000cce00000)
 Metaspace       used 38901K, capacity 41334K, committed 41344K, reserved 1085440K
  class space    used 5146K, capacity 5750K, committed 5760K, reserved 1048576K
GC Heap History (10 events):
Event: 20.271 GC heap before
{Heap before GC invocations=8 (full 1):
 PSYoungGen      total 109568K, used 109193K [0x00000000edf80000, 0x00000000f6100000, 0x0000000100000000)
  eden space 103936K, 100% used [0x00000000edf80000,0x00000000f4500000,0x00000000f4500000)
  from space 5632K, 93% used [0x00000000f5b80000,0x00000000f60a2688,0x00000000f6100000)
  to   space 8192K, 0% used [0x00000000f5100000,0x00000000f5100000,0x00000000f5900000)
 ParOldGen       total 40448K, used 14700K [0x00000000c9e00000, 0x00000000cc580000, 0x00000000edf80000)
  object space 40448K, 36% used [0x00000000c9e00000,0x00000000cac5b0d0,0x00000000cc580000)
 Metaspace       used 32238K, capacity 33508K, committed 33664K, reserved 1079296K
  class space    used 4108K, capacity 4388K, committed 4480K, reserved 1048576K
Event: 20.298 GC heap after
Heap after GC invocations=8 (full 1):
 PSYoungGen      total 112128K, used 8187K [0x00000000edf80000, 0x00000000f6100000, 0x0000000100000000)
  eden space 103936K, 0% used [0x00000000edf80000,0x00000000edf80000,0x00000000f4500000)
  from space 8192K, 99% used [0x00000000f5100000,0x00000000f58fedd0,0x00000000f5900000)
  to   space 5632K, 0% used [0x00000000f5b80000,0x00000000f5b80000,0x00000000f6100000)
 ParOldGen       total 40448K, used 17452K [0x00000000c9e00000, 0x00000000cc580000, 0x00000000edf80000)
  object space 40448K, 43% used [0x00000000c9e00000,0x00000000caf0b230,0x00000000cc580000)
 Metaspace       used 32238K, capacity 33508K, committed 33664K, reserved 1079296K
  class space    used 4108K, capacity 4388K, committed 4480K, reserved 1048576K
}
Event: 22.488 GC heap before
{Heap before GC invocations=9 (full 1):
 PSYoungGen      total 112128K, used 112123K [0x00000000edf80000, 0x00000000f6100000, 0x0000000100000000)
  eden space 103936K, 100% used [0x00000000edf80000,0x00000000f4500000,0x00000000f4500000)
  from space 8192K, 99% used [0x00000000f5100000,0x00000000f58fedd0,0x00000000f5900000)
  to   space 5632K, 0% used [0x00000000f5b80000,0x00000000f5b80000,0x00000000f6100000)
 ParOldGen       total 40448K, used 17452K [0x00000000c9e00000, 0x00000000cc580000, 0x00000000edf80000)
  object space 40448K, 43% used [0x00000000c9e00000,0x00000000caf0b230,0x00000000cc580000)
 Metaspace       used 32802K, capacity 34070K, committed 34304K, reserved 1079296K
  class space    used 4202K, capacity 4487K, committed 4608K, reserved 1048576K
Event: 22.501 GC heap after
Heap after GC invocations=9 (full 1):
 PSYoungGen      total 109568K, used 5607K [0x00000000edf80000, 0x00000000f6100000, 0x0000000100000000)
  eden space 103936K, 0% used [0x00000000edf80000,0x00000000edf80000,0x00000000f4500000)
  from space 5632K, 99% used [0x00000000f5b80000,0x00000000f60f9c50,0x00000000f6100000)
  to   space 8192K, 0% used [0x00000000f5100000,0x00000000f5100000,0x00000000f5900000)
 ParOldGen       total 40448K, used 17842K [0x00000000c9e00000, 0x00000000cc580000, 0x00000000edf80000)
  object space 40448K, 44% used [0x00000000c9e00000,0x00000000caf6c8a8,0x00000000cc580000)
 Metaspace       used 32802K, capacity 34070K, committed 34304K, reserved 1079296K
  class space    used 4202K, capacity 4487K, committed 4608K, reserved 1048576K
}
Event: 23.464 GC heap before
{Heap before GC invocations=10 (full 1):
 PSYoungGen      total 109568K, used 73476K [0x00000000edf80000, 0x00000000f6100000, 0x0000000100000000)
  eden space 103936K, 65% used [0x00000000edf80000,0x00000000f21c75e8,0x00000000f4500000)
  from space 5632K, 99% used [0x00000000f5b80000,0x00000000f60f9c50,0x00000000f6100000)
  to   space 8192K, 0% used [0x00000000f5100000,0x00000000f5100000,0x00000000f5900000)
 ParOldGen       total 40448K, used 17842K [0x00000000c9e00000, 0x00000000cc580000, 0x00000000edf80000)
  object space 40448K, 44% used [0x00000000c9e00000,0x00000000caf6c8a8,0x00000000cc580000)
 Metaspace       used 33999K, capacity 35314K, committed 35456K, reserved 1079296K
  class space    used 4330K, capacity 4623K, committed 4736K, reserved 1048576K
Event: 23.478 GC heap after
Heap after GC invocations=10 (full 1):
 PSYoungGen      total 112128K, used 5360K [0x00000000edf80000, 0x00000000f6100000, 0x0000000100000000)
  eden space 103936K, 0% used [0x00000000edf80000,0x00000000edf80000,0x00000000f4500000)
  from space 8192K, 65% used [0x00000000f5100000,0x00000000f563c0c0,0x00000000f5900000)
  to   space 5632K, 0% used [0x00000000f5b80000,0x00000000f5b80000,0x00000000f6100000)
 ParOldGen       total 40448K, used 18926K [0x00000000c9e00000, 0x00000000cc580000, 0x00000000edf80000)
  object space 40448K, 46% used [0x00000000c9e00000,0x00000000cb07b908,0x00000000cc580000)
 Metaspace       used 33999K, capacity 35314K, committed 35456K, reserved 1079296K
  class space    used 4330K, capacity 4623K, committed 4736K, reserved 1048576K
}
Event: 23.478 GC heap before
{Heap before GC invocations=11 (full 2):
 PSYoungGen      total 112128K, used 5360K [0x00000000edf80000, 0x00000000f6100000, 0x0000000100000000)
  eden space 103936K, 0% used [0x00000000edf80000,0x00000000edf80000,0x00000000f4500000)
  from space 8192K, 65% used [0x00000000f5100000,0x00000000f563c0c0,0x00000000f5900000)
  to   space 5632K, 0% used [0x00000000f5b80000,0x00000000f5b80000,0x00000000f6100000)
 ParOldGen       total 40448K, used 18926K [0x00000000c9e00000, 0x00000000cc580000, 0x00000000edf80000)
  object space 40448K, 46% used [0x00000000c9e00000,0x00000000cb07b908,0x00000000cc580000)
 Metaspace       used 33999K, capacity 35314K, committed 35456K, reserved 1079296K
  class space    used 4330K, capacity 4623K, committed 4736K, reserved 1048576K
Event: 23.784 GC heap after
Heap after GC invocations=11 (full 2):
 PSYoungGen      total 112128K, used 0K [0x00000000edf80000, 0x00000000f6100000, 0x0000000100000000)
  eden space 103936K, 0% used [0x00000000edf80000,0x00000000edf80000,0x00000000f4500000)
  from space 8192K, 0% used [0x00000000f5100000,0x00000000f5100000,0x00000000f5900000)
  to   space 5632K, 0% used [0x00000000f5b80000,0x00000000f5b80000,0x00000000f6100000)
 ParOldGen       total 49152K, used 12287K [0x00000000c9e00000, 0x00000000cce00000, 0x00000000edf80000)
  object space 49152K, 24% used [0x00000000c9e00000,0x00000000ca9ffde0,0x00000000cce00000)
 Metaspace       used 33999K, capacity 35314K, committed 35456K, reserved 1079296K
  class space    used 4330K, capacity 4623K, committed 4736K, reserved 1048576K
}
Event: 27.113 GC heap before
{Heap before GC invocations=12 (full 2):
 PSYoungGen      total 112128K, used 103936K [0x00000000edf80000, 0x00000000f6100000, 0x0000000100000000)
  eden space 103936K, 100% used [0x00000000edf80000,0x00000000f4500000,0x00000000f4500000)
  from space 8192K, 0% used [0x00000000f5100000,0x00000000f5100000,0x00000000f5900000)
  to   space 5632K, 0% used [0x00000000f5b80000,0x00000000f5b80000,0x00000000f6100000)
 ParOldGen       total 49152K, used 12287K [0x00000000c9e00000, 0x00000000cce00000, 0x00000000edf80000)
  object space 49152K, 24% used [0x00000000c9e00000,0x00000000ca9ffde0,0x00000000cce00000)
 Metaspace       used 36265K, capacity 38344K, committed 38528K, reserved 1083392K
  class space    used 4724K, capacity 5207K, committed 5248K, reserved 1048576K
Event: 27.128 GC heap after
Heap after GC invocations=12 (full 2):
 PSYoungGen      total 122880K, used 5390K [0x00000000edf80000, 0x00000000f6d80000, 0x0000000100000000)
  eden space 117248K, 0% used [0x00000000edf80000,0x00000000edf80000,0x00000000f5200000)
  from space 5632K, 95% used [0x00000000f5b80000,0x00000000f60c39e8,0x00000000f6100000)
  to   space 9728K, 0% used [0x00000000f5200000,0x00000000f5200000,0x00000000f5b80000)
 ParOldGen       total 49152K, used 12295K [0x00000000c9e00000, 0x00000000cce00000, 0x00000000edf80000)
  object space 49152K, 25% used [0x00000000c9e00000,0x00000000caa01de0,0x00000000cce00000)
 Metaspace       used 36265K, capacity 38344K, committed 38528K, reserved 1083392K
  class space    used 4724K, capacity 5207K, committed 5248K, reserved 1048576K
}

