# JRE version: Java(TM) SE Runtime Environment (8.0_202-b08) (build 1.8.0_202-b08)
# Java VM: Java HotSpot(TM) 64-Bit Server VM (25.202-b08 mixed mode windows-amd64 compressed oops)
Heap:
 PSYoungGen      total 132096K, used 122474K [0x00000000edf80000, 0x00000000f6800000, 0x0000000100000000)
  eden space 125952K, 95% used [0x00000000edf80000,0x00000000f5538898,0x00000000f5a80000)
  from space 6144K, 31% used [0x00000000f6100000,0x00000000f62e2300,0x00000000f6700000)
  to   space 6656K, 0% used [0x00000000f5a80000,0x00000000f5a80000,0x00000000f6100000)
 ParOldGen       total 42496K, used 25602K [0x00000000c9e00000, 0x00000000cc780000, 0x00000000edf80000)
  object space 42496K, 60% used [0x00000000c9e00000,0x00000000cb700838,0x00000000cc780000)
 Metaspace       used 44245K, capacity 47764K, committed 47872K, reserved 1091584K
  class space    used 5680K, capacity 6613K, committed 6656K, reserved 1048576K
GC Heap History (10 events):
Event: 24.279 GC heap before
{Heap before GC invocations=20 (full 2):
 PSYoungGen      total 132608K, used 132602K [0x00000000edf80000, 0x00000000f6800000, 0x0000000100000000)
  eden space 125952K, 100% used [0x00000000edf80000,0x00000000f5a80000,0x00000000f5a80000)
  from space 6656K, 99% used [0x00000000f5a80000,0x00000000f60fe8b8,0x00000000f6100000)
  to   space 6144K, 0% used [0x00000000f6100000,0x00000000f6100000,0x00000000f6700000)
 ParOldGen       total 42496K, used 12934K [0x00000000c9e00000, 0x00000000cc780000, 0x00000000edf80000)
  object space 42496K, 30% used [0x00000000c9e00000,0x00000000caaa19d0,0x00000000cc780000)
 Metaspace       used 40576K, capacity 43340K, committed 43520K, reserved 1087488K
  class space    used 5331K, capacity 6101K, committed 6144K, reserved 1048576K
Event: 24.319 GC heap after
Heap after GC invocations=20 (full 2):
 PSYoungGen      total 132096K, used 6140K [0x00000000edf80000, 0x00000000f6800000, 0x0000000100000000)
  eden space 125952K, 0% used [0x00000000edf80000,0x00000000edf80000,0x00000000f5a80000)
  from space 6144K, 99% used [0x00000000f6100000,0x00000000f66ff068,0x00000000f6700000)
  to   space 6656K, 0% used [0x00000000f5a80000,0x00000000f5a80000,0x00000000f6100000)
 ParOldGen       total 42496K, used 19342K [0x00000000c9e00000, 0x00000000cc780000, 0x00000000edf80000)
  object space 42496K, 45% used [0x00000000c9e00000,0x00000000cb0e3ba0,0x00000000cc780000)
 Metaspace       used 40576K, capacity 43340K, committed 43520K, reserved 1087488K
  class space    used 5331K, capacity 6101K, committed 6144K, reserved 1048576K
}
Event: 26.778 GC heap before
{Heap before GC invocations=21 (full 2):
 PSYoungGen      total 132096K, used 132092K [0x00000000edf80000, 0x00000000f6800000, 0x0000000100000000)
  eden space 125952K, 100% used [0x00000000edf80000,0x00000000f5a80000,0x00000000f5a80000)
  from space 6144K, 99% used [0x00000000f6100000,0x00000000f66ff068,0x00000000f6700000)
  to   space 6656K, 0% used [0x00000000f5a80000,0x00000000f5a80000,0x00000000f6100000)
 ParOldGen       total 42496K, used 19342K [0x00000000c9e00000, 0x00000000cc780000, 0x00000000edf80000)
  object space 42496K, 45% used [0x00000000c9e00000,0x00000000cb0e3ba0,0x00000000cc780000)
 Metaspace       used 41476K, capacity 44832K, committed 45056K, reserved 1087488K
  class space    used 5423K, capacity 6289K, committed 6400K, reserved 1048576K
Event: 26.809 GC heap after
Heap after GC invocations=21 (full 2):
 PSYoungGen      total 132608K, used 2746K [0x00000000edf80000, 0x00000000f6800000, 0x0000000100000000)
  eden space 125952K, 0% used [0x00000000edf80000,0x00000000edf80000,0x00000000f5a80000)
  from space 6656K, 41% used [0x00000000f5a80000,0x00000000f5d2e9b0,0x00000000f6100000)
  to   space 6144K, 0% used [0x00000000f6100000,0x00000000f6100000,0x00000000f6700000)
 ParOldGen       total 42496K, used 23660K [0x00000000c9e00000, 0x00000000cc780000, 0x00000000edf80000)
  object space 42496K, 55% used [0x00000000c9e00000,0x00000000cb51b240,0x00000000cc780000)
 Metaspace       used 41476K, capacity 44832K, committed 45056K, reserved 1087488K
  class space    used 5423K, capacity 6289K, committed 6400K, reserved 1048576K
}
Event: 30.928 GC heap before
{Heap before GC invocations=22 (full 2):
 PSYoungGen      total 132608K, used 128698K [0x00000000edf80000, 0x00000000f6800000, 0x0000000100000000)
  eden space 125952K, 100% used [0x00000000edf80000,0x00000000f5a80000,0x00000000f5a80000)
  from space 6656K, 41% used [0x00000000f5a80000,0x00000000f5d2e9b0,0x00000000f6100000)
  to   space 6144K, 0% used [0x00000000f6100000,0x00000000f6100000,0x00000000f6700000)
 ParOldGen       total 42496K, used 23660K [0x00000000c9e00000, 0x00000000cc780000, 0x00000000edf80000)
  object space 42496K, 55% used [0x00000000c9e00000,0x00000000cb51b240,0x00000000cc780000)
 Metaspace       used 42081K, capacity 45448K, committed 45568K, reserved 1089536K
  class space    used 5474K, capacity 6373K, committed 6400K, reserved 1048576K
Event: 30.938 GC heap after
Heap after GC invocations=22 (full 2):
 PSYoungGen      total 132096K, used 2830K [0x00000000edf80000, 0x00000000f6800000, 0x0000000100000000)
  eden space 125952K, 0% used [0x00000000edf80000,0x00000000edf80000,0x00000000f5a80000)
  from space 6144K, 46% used [0x00000000f6100000,0x00000000f63c39c0,0x00000000f6700000)
  to   space 6656K, 0% used [0x00000000f5a80000,0x00000000f5a80000,0x00000000f6100000)
 ParOldGen       total 42496K, used 24220K [0x00000000c9e00000, 0x00000000cc780000, 0x00000000edf80000)
  object space 42496K, 56% used [0x00000000c9e00000,0x00000000cb5a71f8,0x00000000cc780000)
 Metaspace       used 42081K, capacity 45448K, committed 45568K, reserved 1089536K
  class space    used 5474K, capacity 6373K, committed 6400K, reserved 1048576K
}
Event: 32.987 GC heap before
{Heap before GC invocations=23 (full 2):
 PSYoungGen      total 132096K, used 128782K [0x00000000edf80000, 0x00000000f6800000, 0x0000000100000000)
  eden space 125952K, 100% used [0x00000000edf80000,0x00000000f5a80000,0x00000000f5a80000)
  from space 6144K, 46% used [0x00000000f6100000,0x00000000f63c39c0,0x00000000f6700000)
  to   space 6656K, 0% used [0x00000000f5a80000,0x00000000f5a80000,0x00000000f6100000)
 ParOldGen       total 42496K, used 24220K [0x00000000c9e00000, 0x00000000cc780000, 0x00000000edf80000)
  object space 42496K, 56% used [0x00000000c9e00000,0x00000000cb5a71f8,0x00000000cc780000)
 Metaspace       used 42442K, capacity 45902K, committed 46208K, reserved 1089536K
  class space    used 5505K, capacity 6429K, committed 6528K, reserved 1048576K
Event: 33.010 GC heap after
Heap after GC invocations=23 (full 2):
 PSYoungGen      total 132608K, used 2440K [0x00000000edf80000, 0x00000000f6800000, 0x0000000100000000)
  eden space 125952K, 0% used [0x00000000edf80000,0x00000000edf80000,0x00000000f5a80000)
  from space 6656K, 36% used [0x00000000f5a80000,0x00000000f5ce2310,0x00000000f6100000)
  to   space 6144K, 0% used [0x00000000f6100000,0x00000000f6100000,0x00000000f6700000)
 ParOldGen       total 42496K, used 25200K [0x00000000c9e00000, 0x00000000cc780000, 0x00000000edf80000)
  object space 42496K, 59% used [0x00000000c9e00000,0x00000000cb69c3d8,0x00000000cc780000)
 Metaspace       used 42442K, capacity 45902K, committed 46208K, reserved 1089536K
  class space    used 5505K, capacity 6429K, committed 6528K, reserved 1048576K
}
Event: 35.809 GC heap before
{Heap before GC invocations=24 (full 2):
 PSYoungGen      total 132608K, used 128392K [0x00000000edf80000, 0x00000000f6800000, 0x0000000100000000)
  eden space 125952K, 100% used [0x00000000edf80000,0x00000000f5a80000,0x00000000f5a80000)
  from space 6656K, 36% used [0x00000000f5a80000,0x00000000f5ce2310,0x00000000f6100000)
  to   space 6144K, 0% used [0x00000000f6100000,0x00000000f6100000,0x00000000f6700000)
 ParOldGen       total 42496K, used 25200K [0x00000000c9e00000, 0x00000000cc780000, 0x00000000edf80000)
  object space 42496K, 59% used [0x00000000c9e00000,0x00000000cb69c3d8,0x00000000cc780000)
 Metaspace       used 42691K, capacity 46136K, committed 46464K, reserved 1089536K
  class space    used 5513K, capacity 6437K, committed 6528K, reserved 1048576K
Event: 35.819 GC heap after
Heap after GC invocations=24 (full 2):
 PSYoungGen      total 132096K, used 1928K [0x00000000edf80000, 0x00000000f6800000, 0x0000000100000000)
  eden space 125952K, 0% used [0x00000000edf80000,0x00000000edf80000,0x00000000f5a80000)
  from space 6144K, 31% used [0x00000000f6100000,0x00000000f62e2300,0x00000000f6700000)
  to   space 6656K, 0% used [0x00000000f5a80000,0x00000000f5a80000,0x00000000f6100000)
 ParOldGen       total 42496K, used 25602K [0x00000000c9e00000, 0x00000000cc780000, 0x00000000edf80000)
  object space 42496K, 60% used [0x00000000c9e00000,0x00000000cb700838,0x00000000cc780000)
 Metaspace       used 42691K, capacity 46136K, committed 46464K, reserved 1089536K
  class space    used 5513K, capacity 6437K, committed 6528K, reserved 1048576K
}

