# JRE version: Java(TM) SE Runtime Environment (8.0_202-b08) (build 1.8.0_202-b08)
# Java VM: Java HotSpot(TM) 64-Bit Server VM (25.202-b08 mixed mode windows-amd64 compressed oops)
Heap:
 PSYoungGen      total 31744K, used 21912K [0x00000000edf80000, 0x00000000f0080000, 0x0000000100000000)
  eden space 29696K, 66% used [0x00000000edf80000,0x00000000ef2e9f48,0x00000000efc80000)
  from space 2048K, 99% used [0x00000000efe80000,0x00000000f007c340,0x00000000f0080000)
  to   space 2048K, 0% used [0x00000000efc80000,0x00000000efc80000,0x00000000efe80000)
 ParOldGen       total 38400K, used 6049K [0x00000000c9e00000, 0x00000000cc380000, 0x00000000edf80000)
  object space 38400K, 15% used [0x00000000c9e00000,0x00000000ca3e87d0,0x00000000cc380000)
 Metaspace       used 15758K, capacity 16232K, committed 16384K, reserved 1062912K
  class space    used 1864K, capacity 1980K, committed 2048K, reserved 1048576K
GC Heap History (8 events):
Event: 2.010 GC heap before
{Heap before GC invocations=1 (full 0):
 PSYoungGen      total 16896K, used 14848K [0x00000000edf80000, 0x00000000ef200000, 0x0000000100000000)
  eden space 14848K, 100% used [0x00000000edf80000,0x00000000eee00000,0x00000000eee00000)
  from space 2048K, 0% used [0x00000000ef000000,0x00000000ef000000,0x00000000ef200000)
  to   space 2048K, 0% used [0x00000000eee00000,0x00000000eee00000,0x00000000ef000000)
 ParOldGen       total 38400K, used 0K [0x00000000c9e00000, 0x00000000cc380000, 0x00000000edf80000)
  object space 38400K, 0% used [0x00000000c9e00000,0x00000000c9e00000,0x00000000cc380000)
 Metaspace       used 4907K, capacity 5108K, committed 5248K, reserved 1056768K
  class space    used 542K, capacity 560K, committed 640K, reserved 1048576K
Event: 2.016 GC heap after
Heap after GC invocations=1 (full 0):
 PSYoungGen      total 16896K, used 2016K [0x00000000edf80000, 0x00000000ef200000, 0x0000000100000000)
  eden space 14848K, 0% used [0x00000000edf80000,0x00000000edf80000,0x00000000eee00000)
  from space 2048K, 98% used [0x00000000eee00000,0x00000000eeff8350,0x00000000ef000000)
  to   space 2048K, 0% used [0x00000000ef000000,0x00000000ef000000,0x00000000ef200000)
 ParOldGen       total 38400K, used 673K [0x00000000c9e00000, 0x00000000cc380000, 0x00000000edf80000)
  object space 38400K, 1% used [0x00000000c9e00000,0x00000000c9ea8478,0x00000000cc380000)
 Metaspace       used 4907K, capacity 5108K, committed 5248K, reserved 1056768K
  class space    used 542K, capacity 560K, committed 640K, reserved 1048576K
}
Event: 2.973 GC heap before
{Heap before GC invocations=2 (full 0):
 PSYoungGen      total 16896K, used 16864K [0x00000000edf80000, 0x00000000ef200000, 0x0000000100000000)
  eden space 14848K, 100% used [0x00000000edf80000,0x00000000eee00000,0x00000000eee00000)
  from space 2048K, 98% used [0x00000000eee00000,0x00000000eeff8350,0x00000000ef000000)
  to   space 2048K, 0% used [0x00000000ef000000,0x00000000ef000000,0x00000000ef200000)
 ParOldGen       total 38400K, used 673K [0x00000000c9e00000, 0x00000000cc380000, 0x00000000edf80000)
  object space 38400K, 1% used [0x00000000c9e00000,0x00000000c9ea8478,0x00000000cc380000)
 Metaspace       used 6005K, capacity 6134K, committed 6400K, reserved 1056768K
  class space    used 692K, capacity 723K, committed 768K, reserved 1048576K
Event: 3.006 GC heap after
Heap after GC invocations=2 (full 0):
 PSYoungGen      total 16896K, used 2016K [0x00000000edf80000, 0x00000000f0080000, 0x0000000100000000)
  eden space 14848K, 0% used [0x00000000edf80000,0x00000000edf80000,0x00000000eee00000)
  from space 2048K, 98% used [0x00000000ef000000,0x00000000ef1f8350,0x00000000ef200000)
  to   space 2048K, 0% used [0x00000000eee00000,0x00000000eee00000,0x00000000ef000000)
 ParOldGen       total 38400K, used 1448K [0x00000000c9e00000, 0x00000000cc380000, 0x00000000edf80000)
  object space 38400K, 3% used [0x00000000c9e00000,0x00000000c9f6a0f8,0x00000000cc380000)
 Metaspace       used 6005K, capacity 6134K, committed 6400K, reserved 1056768K
  class space    used 692K, capacity 723K, committed 768K, reserved 1048576K
}
Event: 5.144 GC heap before
{Heap before GC invocations=3 (full 0):
 PSYoungGen      total 16896K, used 16864K [0x00000000edf80000, 0x00000000f0080000, 0x0000000100000000)
  eden space 14848K, 100% used [0x00000000edf80000,0x00000000eee00000,0x00000000eee00000)
  from space 2048K, 98% used [0x00000000ef000000,0x00000000ef1f8350,0x00000000ef200000)
  to   space 2048K, 0% used [0x00000000eee00000,0x00000000eee00000,0x00000000ef000000)
 ParOldGen       total 38400K, used 1448K [0x00000000c9e00000, 0x00000000cc380000, 0x00000000edf80000)
  object space 38400K, 3% used [0x00000000c9e00000,0x00000000c9f6a0f8,0x00000000cc380000)
 Metaspace       used 9255K, capacity 9574K, committed 9728K, reserved 1058816K
  class space    used 1095K, capacity 1179K, committed 1280K, reserved 1048576K
Event: 5.178 GC heap after
Heap after GC invocations=3 (full 0):
 PSYoungGen      total 16896K, used 2016K [0x00000000edf80000, 0x00000000f0080000, 0x0000000100000000)
  eden space 14848K, 0% used [0x00000000edf80000,0x00000000edf80000,0x00000000eee00000)
  from space 2048K, 98% used [0x00000000eee00000,0x00000000eeff8350,0x00000000ef000000)
  to   space 2048K, 0% used [0x00000000efe80000,0x00000000efe80000,0x00000000f0080000)
 ParOldGen       total 38400K, used 3465K [0x00000000c9e00000, 0x00000000cc380000, 0x00000000edf80000)
  object space 38400K, 9% used [0x00000000c9e00000,0x00000000ca1624c8,0x00000000cc380000)
 Metaspace       used 9255K, capacity 9574K, committed 9728K, reserved 1058816K
  class space    used 1095K, capacity 1179K, committed 1280K, reserved 1048576K
}
Event: 9.742 GC heap before
{Heap before GC invocations=4 (full 0):
 PSYoungGen      total 16896K, used 16864K [0x00000000edf80000, 0x00000000f0080000, 0x0000000100000000)
  eden space 14848K, 100% used [0x00000000edf80000,0x00000000eee00000,0x00000000eee00000)
  from space 2048K, 98% used [0x00000000eee00000,0x00000000eeff8350,0x00000000ef000000)
  to   space 2048K, 0% used [0x00000000efe80000,0x00000000efe80000,0x00000000f0080000)
 ParOldGen       total 38400K, used 3465K [0x00000000c9e00000, 0x00000000cc380000, 0x00000000edf80000)
  object space 38400K, 9% used [0x00000000c9e00000,0x00000000ca1624c8,0x00000000cc380000)
 Metaspace       used 11972K, capacity 12346K, committed 12416K, reserved 1060864K
  class space    used 1474K, capacity 1611K, committed 1664K, reserved 1048576K
Event: 9.902 GC heap after
Heap after GC invocations=4 (full 0):
 PSYoungGen      total 31744K, used 2032K [0x00000000edf80000, 0x00000000f0080000, 0x0000000100000000)
  eden space 29696K, 0% used [0x00000000edf80000,0x00000000edf80000,0x00000000efc80000)
  from space 2048K, 99% used [0x00000000efe80000,0x00000000f007c340,0x00000000f0080000)
  to   space 2048K, 0% used [0x00000000efc80000,0x00000000efc80000,0x00000000efe80000)
 ParOldGen       total 38400K, used 6049K [0x00000000c9e00000, 0x00000000cc380000, 0x00000000edf80000)
  object space 38400K, 15% used [0x00000000c9e00000,0x00000000ca3e87d0,0x00000000cc380000)
 Metaspace       used 11972K, capacity 12346K, committed 12416K, reserved 1060864K
  class space    used 1474K, capacity 1611K, committed 1664K, reserved 1048576K
}

